0 verbose cli C:\Program Files\nodejs\node.exe C:\Program Files\nodejs\node_modules\npm\bin\npm-cli.js
1 info using npm@9.6.7
2 info using node@v18.17.1
3 timing npm:load:whichnode Completed in 2ms
4 timing config:load:defaults Completed in 2ms
5 timing config:load:file:C:\Program Files\nodejs\node_modules\npm\npmrc Completed in 4ms
6 timing config:load:builtin Completed in 5ms
7 timing config:load:cli Completed in 2ms
8 timing config:load:env Completed in 2ms
9 timing config:load:file:E:\IMP PROJECT\foundo\foundo-app 1.1\foundo-app\.npmrc Completed in 1ms
10 timing config:load:project Completed in 4ms
11 timing config:load:file:C:\Users\admin\.npmrc Completed in 1ms
12 timing config:load:user Completed in 1ms
13 timing config:load:file:C:\Users\admin\AppData\Roaming\npm\etc\npmrc Completed in 1ms
14 timing config:load:global Completed in 1ms
15 timing config:load:setEnvs Completed in 1ms
16 timing config:load Completed in 21ms
17 timing npm:load:configload Completed in 21ms
18 timing npm:load:mkdirpcache Completed in 0ms
19 timing npm:load:mkdirplogs Completed in 1ms
20 verbose title npm run jest
21 verbose argv "run" "jest" "--detectOpenHandles" "--loglevel" "verbose" "--cache" "--forceExit" "--runInBand"
22 timing npm:load:setTitle Completed in 2ms
23 timing config:load:flatten Completed in 2ms
24 timing npm:load:display Completed in 21ms
25 verbose logfile logs-max:10 dir:E:\IMP PROJECT\foundo\foundo-app 1.1\foundo-app\--forceExit\_logs\2023-09-17T13_22_50_010Z-
26 verbose logfile E:\IMP PROJECT\foundo\foundo-app 1.1\foundo-app\--forceExit\_logs\2023-09-17T13_22_50_010Z-debug-0.log
27 timing npm:load:logFile Completed in 27ms
28 timing npm:load:timers Completed in 1ms
29 timing npm:load:configScope Completed in 0ms
30 timing npm:load Completed in 76ms
31 timing command:run Completed in 349ms
32 verbose stack Error: Missing script: "jest"
32 verbose stack
32 verbose stack Did you mean this?
32 verbose stack     npm test # Test a package
32 verbose stack
32 verbose stack To see a list of scripts, run:
32 verbose stack   npm run
32 verbose stack     at RunScript.run (C:\Program Files\nodejs\node_modules\npm\lib\commands\run-script.js:93:13)
32 verbose stack     at async module.exports (C:\Program Files\nodejs\node_modules\npm\lib\cli.js:89:5)
33 verbose cwd E:\IMP PROJECT\foundo\foundo-app 1.1\foundo-app
34 verbose Windows_NT 10.0.22621
35 verbose node v18.17.1
36 verbose npm  v9.6.7
37 error Missing script: "jest"
37 error
37 error Did you mean this?
37 error     npm test # Test a package
37 error
37 error To see a list of scripts, run:
37 error   npm run
38 verbose exit 1
39 timing npm Completed in 524ms
40 verbose code 1
41 error A complete log of this run can be found in: E:\IMP PROJECT\foundo\foundo-app 1.1\foundo-app\--forceExit\_logs\2023-09-17T13_22_50_010Z-debug-0.log
